<?xml version="1.0" encoding="UTF-8"?>
<!-- Generated by org.testng.reporters.JUnitReportReporter -->
<testsuite hostname="SL-1240" failures="0" tests="1" name="tests.SwagRDSiOSWebTest" time="26.172" errors="0" timestamp="08 Nov 2020 16:45:13 GMT" skipped="0">
  <testcase classname="tests.SwagRDSiOSWebTest" name="loginToSwagLabsWebTestValid" time="26.172"/>
</testsuite> <!-- tests.SwagRDSiOSWebTest -->
